<?xml version="1.0" encoding="UTF-8"?>
<?xml-stylesheet type="text/xsl" href="ivy-report.xsl"?>
<ivy-report version="1.0">
	<info
		organisation="test"
		module="test$sources"
		revision="0.1.0-SNAPSHOT"
		conf="pom"
		confs="compile, runtime, test, provided, optional, compile-internal, runtime-internal, test-internal, plugin, pom, scala-tool"
		date="20221031184136"/>
	<dependencies>
	</dependencies>
</ivy-report>
